[28433:28433:1016/145817.076371:ERROR:sandbox_linux.cc(374)] InitializeSandbox() called with multiple threads in process gpu-process.
[28330:28330:1016/145817.105998:WARNING:load_error_reporter.cc(78)] Extension error: Не удалось загрузить расширение с адреса: . Файл манифеста отсутствует или недоступен для чтения
[28330:28330:1016/145817.969837:ERROR:CONSOLE(0)] "Unchecked runtime.lastError: Could not establish connection. Receiving end does not exist.", source: chrome://startpage/ (0)
[28330:28330:1016/145817.969946:ERROR:CONSOLE(0)] "Unchecked runtime.lastError: Could not establish connection. Receiving end does not exist.", source: chrome://startpage/ (0)
[28330:28330:1016/145817.970137:ERROR:CONSOLE(0)] "Unchecked runtime.lastError: Could not establish connection. Receiving end does not exist.", source: chrome://startpage/ (0)
[28330:28330:1016/145817.970192:ERROR:CONSOLE(0)] "Unchecked runtime.lastError: Could not establish connection. Receiving end does not exist.", source: chrome://startpage/ (0)
[28330:28330:1016/145818.124219:ERROR:CONSOLE(0)] "Unchecked runtime.lastError: Could not establish connection. Receiving end does not exist.", source: chrome://startpage/ (0)
[28330:28330:1016/145818.124447:ERROR:CONSOLE(0)] "Unchecked runtime.lastError: Could not establish connection. Receiving end does not exist.", source: chrome://startpage/ (0)
[28330:28330:1016/145818.124660:ERROR:CONSOLE(0)] "Unchecked runtime.lastError: Could not establish connection. Receiving end does not exist.", source: chrome://startpage/ (0)
[28330:28330:1016/145818.124832:ERROR:CONSOLE(0)] "Unchecked runtime.lastError: Could not establish connection. Receiving end does not exist.", source: chrome://startpage/ (0)
[28330:28330:1016/145818.126241:ERROR:CONSOLE(0)] "Unchecked runtime.lastError: Could not establish connection. Receiving end does not exist.", source: chrome://startpage/ (0)
[28330:28330:1016/145818.126688:ERROR:CONSOLE(0)] "Unchecked runtime.lastError: Could not establish connection. Receiving end does not exist.", source: chrome://startpage/ (0)
[28330:28330:1016/145818.136748:ERROR:CONSOLE(0)] "Unchecked runtime.lastError: Could not establish connection. Receiving end does not exist.", source: chrome://startpage/ (0)
[28330:28330:1016/145818.139320:ERROR:CONSOLE(0)] "Unchecked runtime.lastError: Could not establish connection. Receiving end does not exist.", source: chrome://startpage/ (0)
[28330:28330:1016/145818.145162:ERROR:CONSOLE(0)] "Unchecked runtime.lastError: Could not establish connection. Receiving end does not exist.", source: chrome://startpage/ (0)
[28330:28330:1016/145818.145521:ERROR:CONSOLE(0)] "Unchecked runtime.lastError: Could not establish connection. Receiving end does not exist.", source: chrome://startpage/ (0)
[28330:28330:1016/145818.145750:ERROR:CONSOLE(0)] "Unchecked runtime.lastError: Could not establish connection. Receiving end does not exist.", source: chrome://startpage/ (0)
[28330:28330:1016/145818.146025:ERROR:CONSOLE(0)] "Unchecked runtime.lastError: Could not establish connection. Receiving end does not exist.", source: chrome://startpage/ (0)
[28330:28414:1016/145908.182365:ERROR:socket_stream.cc(219)] Closing stream with result -2
[28330:28330:1016/145917.071664:WARNING:protocol_impl.cc(277)] Couldn't add the installation info.
[28330:28414:1016/145953.588935:ERROR:socket_stream.cc(219)] Closing stream with result -2
[28330:28414:1016/150039.007068:ERROR:socket_stream.cc(219)] Closing stream with result -2
[28330:28414:1016/150124.786096:ERROR:socket_stream.cc(219)] Closing stream with result -2
[28330:28414:1016/150210.189443:ERROR:socket_stream.cc(219)] Closing stream with result -2
[28330:28414:1016/150255.563531:ERROR:socket_stream.cc(219)] Closing stream with result -2
[28330:28414:1016/150340.932745:ERROR:socket_stream.cc(219)] Closing stream with result -2
[28330:28414:1016/150426.346019:ERROR:socket_stream.cc(219)] Closing stream with result -2
[28330:28414:1016/150511.818048:ERROR:socket_stream.cc(219)] Closing stream with result -2
[28330:28414:1016/150557.219266:ERROR:socket_stream.cc(219)] Closing stream with result -2
[28330:28414:1016/150642.644173:ERROR:socket_stream.cc(219)] Closing stream with result -2
[28330:28414:1016/150728.108502:ERROR:socket_stream.cc(219)] Closing stream with result -2
[28330:28414:1016/150813.530802:ERROR:socket_stream.cc(219)] Closing stream with result -2
[28330:28414:1016/150858.939004:ERROR:socket_stream.cc(219)] Closing stream with result -2
[28330:28414:1016/150944.351509:ERROR:socket_stream.cc(219)] Closing stream with result -2
[28330:28414:1016/151030.145810:ERROR:socket_stream.cc(219)] Closing stream with result -2
[28330:28414:1016/151115.542028:ERROR:socket_stream.cc(219)] Closing stream with result -2
[28330:28414:1016/151201.006717:ERROR:socket_stream.cc(219)] Closing stream with result -2
[28330:28414:1016/151246.483771:ERROR:socket_stream.cc(219)] Closing stream with result -2
[28330:28414:1016/151331.911654:ERROR:socket_stream.cc(219)] Closing stream with result -2
[28330:28414:1016/151417.411013:ERROR:socket_stream.cc(219)] Closing stream with result -2
[28330:28414:1016/151502.902029:ERROR:socket_stream.cc(219)] Closing stream with result -2
[28330:28414:1016/151548.342950:ERROR:socket_stream.cc(219)] Closing stream with result -2
[28330:28414:1016/151633.808644:ERROR:socket_stream.cc(219)] Closing stream with result -2
[28330:28414:1016/151719.410691:ERROR:socket_stream.cc(219)] Closing stream with result -2
[28330:28414:1016/151805.457555:ERROR:socket_stream.cc(219)] Closing stream with result -2
[28330:28414:1016/151850.935018:ERROR:socket_stream.cc(219)] Closing stream with result -2
[28330:28414:1016/151936.339573:ERROR:socket_stream.cc(219)] Closing stream with result -2
[28330:28414:1016/152021.954342:ERROR:socket_stream.cc(219)] Closing stream with result -2
[28330:28414:1016/152107.459275:ERROR:socket_stream.cc(219)] Closing stream with result -2
[28330:28414:1016/152152.853649:ERROR:socket_stream.cc(219)] Closing stream with result -2
[28330:28414:1016/152238.458197:ERROR:socket_stream.cc(219)] Closing stream with result -2
[28330:28414:1016/152323.925391:ERROR:socket_stream.cc(219)] Closing stream with result -2
[28330:28414:1016/152409.391060:ERROR:socket_stream.cc(219)] Closing stream with result -2
[28330:28414:1016/152454.791526:ERROR:socket_stream.cc(219)] Closing stream with result -2
[28330:28414:1016/152540.196235:ERROR:socket_stream.cc(219)] Closing stream with result -2
[28330:28414:1016/152625.687908:ERROR:socket_stream.cc(219)] Closing stream with result -2
[28330:28414:1016/152711.125585:ERROR:socket_stream.cc(219)] Closing stream with result -2
[28330:28414:1016/152756.516881:ERROR:socket_stream.cc(219)] Closing stream with result -2
[28330:28414:1016/152841.983307:ERROR:socket_stream.cc(219)] Closing stream with result -2
[28330:28414:1016/152927.368895:ERROR:socket_stream.cc(219)] Closing stream with result -2
[28330:28414:1016/153012.812699:ERROR:socket_stream.cc(219)] Closing stream with result -2
[28330:28414:1016/153058.278616:ERROR:socket_stream.cc(219)] Closing stream with result -2
[28330:28414:1016/153143.650640:ERROR:socket_stream.cc(219)] Closing stream with result -2
[28330:28414:1016/153229.108030:ERROR:socket_stream.cc(219)] Closing stream with result -2
[28330:28414:1016/153314.485135:ERROR:socket_stream.cc(219)] Closing stream with result -2
[28330:28414:1016/153359.883079:ERROR:socket_stream.cc(219)] Closing stream with result -2
[28330:28414:1016/153445.306600:ERROR:socket_stream.cc(219)] Closing stream with result -2
[28330:28414:1016/153530.771694:ERROR:socket_stream.cc(219)] Closing stream with result -2
[28330:28414:1016/153616.340047:ERROR:socket_stream.cc(219)] Closing stream with result -2
[28330:28414:1016/153701.806253:ERROR:socket_stream.cc(219)] Closing stream with result -2
[28330:28414:1016/153747.223782:ERROR:socket_stream.cc(219)] Closing stream with result -2
[28330:28414:1016/153832.637555:ERROR:socket_stream.cc(219)] Closing stream with result -2
[28330:28414:1016/153918.008704:ERROR:socket_stream.cc(219)] Closing stream with result -2
[28330:28414:1016/154003.469920:ERROR:socket_stream.cc(219)] Closing stream with result -2
[28330:28414:1016/154048.933649:ERROR:socket_stream.cc(219)] Closing stream with result -2
[28330:28414:1016/154134.333972:ERROR:socket_stream.cc(219)] Closing stream with result -2
[28330:28414:1016/154219.754248:ERROR:socket_stream.cc(219)] Closing stream with result -2
[28330:28414:1016/154305.163501:ERROR:socket_stream.cc(219)] Closing stream with result -2
[28330:28414:1016/154350.595278:ERROR:socket_stream.cc(219)] Closing stream with result -2
[28330:28414:1016/154435.974598:ERROR:socket_stream.cc(219)] Closing stream with result -2
[28330:28414:1016/154521.425627:ERROR:socket_stream.cc(219)] Closing stream with result -2
[28330:28414:1016/154606.841754:ERROR:socket_stream.cc(219)] Closing stream with result -2
[28330:28414:1016/154652.232694:ERROR:socket_stream.cc(219)] Closing stream with result -2
[28330:28414:1016/154737.720949:ERROR:socket_stream.cc(219)] Closing stream with result -2
[28330:28414:1016/154823.129973:ERROR:socket_stream.cc(219)] Closing stream with result -2
[28330:28414:1016/154908.655169:ERROR:socket_stream.cc(219)] Closing stream with result -2
[28330:28414:1016/154954.041461:ERROR:socket_stream.cc(219)] Closing stream with result -2
[28330:28414:1016/155039.483820:ERROR:socket_stream.cc(219)] Closing stream with result -2
[28330:28414:1016/155124.950365:ERROR:socket_stream.cc(219)] Closing stream with result -2
[28330:28414:1016/155211.401202:ERROR:socket_stream.cc(219)] Closing stream with result -2
[28330:28414:1016/155256.804353:ERROR:socket_stream.cc(219)] Closing stream with result -2
[28330:28414:1016/155342.209858:ERROR:socket_stream.cc(219)] Closing stream with result -2
[28330:28414:1016/155427.738780:ERROR:socket_stream.cc(219)] Closing stream with result -2
[28330:28414:1016/155513.151128:ERROR:socket_stream.cc(219)] Closing stream with result -2
[28330:28414:1016/155558.581172:ERROR:socket_stream.cc(219)] Closing stream with result -2
[28330:28414:1016/155644.104230:ERROR:socket_stream.cc(219)] Closing stream with result -2
[28330:28414:1016/155729.501529:ERROR:socket_stream.cc(219)] Closing stream with result -2
[28330:28414:1016/155814.967709:ERROR:socket_stream.cc(219)] Closing stream with result -2
[28330:28414:1016/155900.371398:ERROR:socket_stream.cc(219)] Closing stream with result -2
[28330:28414:1016/155945.785978:ERROR:socket_stream.cc(219)] Closing stream with result -2
[28330:28414:1016/160031.157555:ERROR:socket_stream.cc(219)] Closing stream with result -2
[28330:28414:1016/160116.629483:ERROR:socket_stream.cc(219)] Closing stream with result -2
[28330:28414:1016/160202.036801:ERROR:socket_stream.cc(219)] Closing stream with result -2
[28330:28414:1016/160247.409848:ERROR:socket_stream.cc(219)] Closing stream with result -2
[28330:28414:1016/160332.789055:ERROR:socket_stream.cc(219)] Closing stream with result -2
[28330:28414:1016/160418.171062:ERROR:socket_stream.cc(219)] Closing stream with result -2
[28330:28414:1016/160503.755936:ERROR:socket_stream.cc(219)] Closing stream with result -2
[28330:28414:1016/160549.132685:ERROR:socket_stream.cc(219)] Closing stream with result -2
[28330:28414:1016/160634.586516:ERROR:socket_stream.cc(219)] Closing stream with result -2
[28330:28414:1016/160720.053537:ERROR:socket_stream.cc(219)] Closing stream with result -2
[28330:28414:1016/160805.496996:ERROR:socket_stream.cc(219)] Closing stream with result -2
[28330:28414:1016/160850.937868:ERROR:socket_stream.cc(219)] Closing stream with result -2
[28330:28414:1016/160936.350288:ERROR:socket_stream.cc(219)] Closing stream with result -2
[28330:28414:1016/161021.766548:ERROR:socket_stream.cc(219)] Closing stream with result -2
[28330:28414:1016/161107.170596:ERROR:socket_stream.cc(219)] Closing stream with result -2
[28330:28414:1016/161152.647959:ERROR:socket_stream.cc(219)] Closing stream with result -2
[28330:28414:1016/161238.074156:ERROR:socket_stream.cc(219)] Closing stream with result -2
[28330:28414:1016/161323.481189:ERROR:socket_stream.cc(219)] Closing stream with result -2
[28330:28414:1016/161408.954400:ERROR:socket_stream.cc(219)] Closing stream with result -2
[28330:28414:1016/161454.323690:ERROR:socket_stream.cc(219)] Closing stream with result -2
[28330:28414:1016/161539.778873:ERROR:socket_stream.cc(219)] Closing stream with result -2
[28330:28414:1016/161625.188374:ERROR:socket_stream.cc(219)] Closing stream with result -2
[28330:28414:1016/161710.581152:ERROR:socket_stream.cc(219)] Closing stream with result -2
[28330:28414:1016/161755.973024:ERROR:socket_stream.cc(219)] Closing stream with result -2
[28330:28414:1016/161841.441996:ERROR:socket_stream.cc(219)] Closing stream with result -2
[28330:28414:1016/161926.957557:ERROR:socket_stream.cc(219)] Closing stream with result -2
[28330:28414:1016/162012.784163:ERROR:socket_stream.cc(219)] Closing stream with result -2
[28330:28414:1016/162058.168393:ERROR:socket_stream.cc(219)] Closing stream with result -2
[28330:28414:1016/162143.551144:ERROR:socket_stream.cc(219)] Closing stream with result -2
[28330:28414:1016/162228.977934:ERROR:socket_stream.cc(219)] Closing stream with result -2
[28330:28414:1016/162314.546564:ERROR:socket_stream.cc(219)] Closing stream with result -2
[28330:28414:1016/162359.951839:ERROR:socket_stream.cc(219)] Closing stream with result -2
[28330:28414:1016/162445.376786:ERROR:socket_stream.cc(219)] Closing stream with result -2
[28330:28414:1016/162530.849110:ERROR:socket_stream.cc(219)] Closing stream with result -2
[28330:28414:1016/162616.309324:ERROR:socket_stream.cc(219)] Closing stream with result -2
[28330:28414:1016/162701.775698:ERROR:socket_stream.cc(219)] Closing stream with result -2
[28330:28414:1016/162747.152103:ERROR:socket_stream.cc(219)] Closing stream with result -2
[28330:28414:1016/162832.534234:ERROR:socket_stream.cc(219)] Closing stream with result -2
[28330:28414:1016/162917.936740:ERROR:socket_stream.cc(219)] Closing stream with result -2
[28330:28414:1016/163003.317878:ERROR:socket_stream.cc(219)] Closing stream with result -2
[28330:28414:1016/163048.800668:ERROR:socket_stream.cc(219)] Closing stream with result -2
[28330:28414:1016/163134.190338:ERROR:socket_stream.cc(219)] Closing stream with result -2
[28330:28414:1016/163219.669599:ERROR:socket_stream.cc(219)] Closing stream with result -2
[28330:28414:1016/163305.306207:ERROR:socket_stream.cc(219)] Closing stream with result -2
[28330:28414:1016/163350.769238:ERROR:socket_stream.cc(219)] Closing stream with result -2
[28330:28414:1016/163436.191003:ERROR:socket_stream.cc(219)] Closing stream with result -2
[28330:28414:1016/163521.599700:ERROR:socket_stream.cc(219)] Closing stream with result -2
[28330:28414:1016/163607.001311:ERROR:socket_stream.cc(219)] Closing stream with result -2
[28330:28414:1016/163652.533558:ERROR:socket_stream.cc(219)] Closing stream with result -2
[28330:28414:1016/163738.818199:ERROR:socket_stream.cc(219)] Closing stream with result -2
[28330:28414:1016/163824.210051:ERROR:socket_stream.cc(219)] Closing stream with result -2
[28330:28414:1016/163909.648911:ERROR:socket_stream.cc(219)] Closing stream with result -2
[28330:28414:1016/163955.044222:ERROR:socket_stream.cc(219)] Closing stream with result -2
[28330:28414:1016/164040.480980:ERROR:socket_stream.cc(219)] Closing stream with result -2
[28330:28414:1016/164126.048579:ERROR:socket_stream.cc(219)] Closing stream with result -2
[28330:28414:1016/164211.481067:ERROR:socket_stream.cc(219)] Closing stream with result -2
[28330:28414:1016/164257.135676:ERROR:socket_stream.cc(219)] Closing stream with result -2
[28330:28414:1016/164342.652138:ERROR:socket_stream.cc(219)] Closing stream with result -2
[28330:28414:1016/164428.037510:ERROR:socket_stream.cc(219)] Closing stream with result -2
[28330:28414:1016/164513.483468:ERROR:socket_stream.cc(219)] Closing stream with result -2
[28330:28414:1016/164558.887092:ERROR:socket_stream.cc(219)] Closing stream with result -2
[28330:28414:1016/164644.257284:ERROR:socket_stream.cc(219)] Closing stream with result -2
[28330:28414:1016/164729.676376:ERROR:socket_stream.cc(219)] Closing stream with result -2
[28330:28414:1016/164815.155255:ERROR:socket_stream.cc(219)] Closing stream with result -2
[28330:28414:1016/164900.618055:ERROR:socket_stream.cc(219)] Closing stream with result -2
[28330:28414:1016/164946.074850:ERROR:socket_stream.cc(219)] Closing stream with result -2
[28330:28414:1016/165031.580869:ERROR:socket_stream.cc(219)] Closing stream with result -2
[28330:28414:1016/165116.972967:ERROR:socket_stream.cc(219)] Closing stream with result -2
[28330:28414:1016/165202.371163:ERROR:socket_stream.cc(219)] Closing stream with result -2
[28330:28414:1016/165247.840694:ERROR:socket_stream.cc(219)] Closing stream with result -2
[28330:28414:1016/165333.230274:ERROR:socket_stream.cc(219)] Closing stream with result -2
[28330:28414:1016/165418.624465:ERROR:socket_stream.cc(219)] Closing stream with result -2
