[29369:29369:0823/055402.961691:ERROR:sandbox_linux.cc(374)] InitializeSandbox() called with multiple threads in process gpu-process.
[29261:29261:0823/055403.004315:WARNING:load_error_reporter.cc(78)] Extension error: Не удалось загрузить расширение с адреса: . Файл манифеста отсутствует или недоступен для чтения
[29426:1:0823/055403.256961:ERROR:child_thread_impl.cc(800)] Receiver for unknown Channel-associated interface: search.mojom.SearchBouncer
[29447:1:0823/055403.272409:ERROR:child_thread_impl.cc(800)] Receiver for unknown Channel-associated interface: search.mojom.SearchBouncer
[29459:1:0823/055403.307087:ERROR:child_thread_impl.cc(800)] Receiver for unknown Channel-associated interface: search.mojom.SearchBouncer
[29465:1:0823/055403.321132:ERROR:child_thread_impl.cc(800)] Receiver for unknown Channel-associated interface: search.mojom.SearchBouncer
[29476:1:0823/055403.338012:ERROR:child_thread_impl.cc(800)] Receiver for unknown Channel-associated interface: search.mojom.SearchBouncer
[29521:1:0823/055403.353626:ERROR:child_thread_impl.cc(800)] Receiver for unknown Channel-associated interface: search.mojom.SearchBouncer
[29261:29261:0823/055403.664205:ERROR:CONSOLE(0)] "Unchecked runtime.lastError: Could not establish connection. Receiving end does not exist.", source: chrome://startpage/ (0)
[29261:29261:0823/055403.664507:ERROR:CONSOLE(0)] "Unchecked runtime.lastError: Could not establish connection. Receiving end does not exist.", source: chrome://startpage/ (0)
[29261:29261:0823/055403.665165:ERROR:CONSOLE(0)] "Unchecked runtime.lastError: Could not establish connection. Receiving end does not exist.", source: chrome://startpage/ (0)
[29261:29261:0823/055403.820720:ERROR:CONSOLE(0)] "Unchecked runtime.lastError: Could not establish connection. Receiving end does not exist.", source: chrome://startpage/ (0)
[29261:29261:0823/055403.820848:ERROR:CONSOLE(0)] "Unchecked runtime.lastError: Could not establish connection. Receiving end does not exist.", source: chrome://startpage/ (0)
[29261:29261:0823/055403.821163:ERROR:CONSOLE(0)] "Unchecked runtime.lastError: Could not establish connection. Receiving end does not exist.", source: chrome://startpage/ (0)
[29261:29261:0823/055403.821285:ERROR:CONSOLE(0)] "Unchecked runtime.lastError: Could not establish connection. Receiving end does not exist.", source: chrome://startpage/ (0)
[29261:29261:0823/055403.821524:ERROR:CONSOLE(0)] "Unchecked runtime.lastError: Could not establish connection. Receiving end does not exist.", source: chrome://startpage/ (0)
[29261:29261:0823/055403.821950:ERROR:CONSOLE(0)] "Unchecked runtime.lastError: Could not establish connection. Receiving end does not exist.", source: chrome://startpage/ (0)
[29261:29261:0823/055403.823987:ERROR:CONSOLE(0)] "Unchecked runtime.lastError: Could not establish connection. Receiving end does not exist.", source: chrome://startpage/ (0)
[29261:29261:0823/055403.824318:ERROR:CONSOLE(0)] "Unchecked runtime.lastError: Could not establish connection. Receiving end does not exist.", source: chrome://startpage/ (0)
[29261:29261:0823/055403.824427:ERROR:CONSOLE(0)] "Unchecked runtime.lastError: Could not establish connection. Receiving end does not exist.", source: chrome://startpage/ (0)
[29369:29369:0823/055410.309595:WARNING:xproto_util.cc(49)] X error received: serial 1419, error_code 170 (GLXBadWindow), request_code 152, minor_code 32 (Unknown)
[29369:29369:0823/055410.310309:WARNING:xproto_util.cc(49)] X error received: serial 1425, error_code 3 (BadWindow), request_code 4, minor_code 0 (Unknown)
[29261:29261:0823/055410.362342:WARNING:pref_notifier_impl.cc(40)] Pref observer for media_router.cast_allow_all_ips found at shutdown.
