[26294:26294:1211/123439.989439:ERROR:sandbox_linux.cc(374)] InitializeSandbox() called with multiple threads in process gpu-process.
[26266:26266:1211/123440.851506:ERROR:CONSOLE(0)] "Unchecked runtime.lastError: Could not establish connection. Receiving end does not exist.", source: chrome://startpage/ (0)
[26266:26266:1211/123440.852789:ERROR:CONSOLE(0)] "Unchecked runtime.lastError: Could not establish connection. Receiving end does not exist.", source: chrome://startpage/ (0)
[26266:26266:1211/123440.853684:ERROR:CONSOLE(0)] "Unchecked runtime.lastError: Could not establish connection. Receiving end does not exist.", source: chrome://startpage/ (0)
[26266:26266:1211/123440.854184:ERROR:CONSOLE(0)] "Unchecked runtime.lastError: Could not establish connection. Receiving end does not exist.", source: chrome://startpage/ (0)
[26266:26266:1211/123441.558938:ERROR:CONSOLE(0)] "Unchecked runtime.lastError: Could not establish connection. Receiving end does not exist.", source: chrome://startpage/ (0)
[26266:26266:1211/123441.559321:ERROR:CONSOLE(0)] "Unchecked runtime.lastError: Could not establish connection. Receiving end does not exist.", source: chrome://startpage/ (0)
[26266:26266:1211/123441.559430:ERROR:CONSOLE(0)] "Unchecked runtime.lastError: Could not establish connection. Receiving end does not exist.", source: chrome://startpage/ (0)
[26266:26266:1211/123441.559492:ERROR:CONSOLE(0)] "Unchecked runtime.lastError: Could not establish connection. Receiving end does not exist.", source: chrome://startpage/ (0)
[26266:26266:1211/123441.565636:ERROR:CONSOLE(0)] "Unchecked runtime.lastError: Could not establish connection. Receiving end does not exist.", source: chrome://startpage/ (0)
[26266:26266:1211/123441.566070:ERROR:CONSOLE(0)] "Unchecked runtime.lastError: Could not establish connection. Receiving end does not exist.", source: chrome://startpage/ (0)
[26266:26266:1211/123441.566426:ERROR:CONSOLE(0)] "Unchecked runtime.lastError: Could not establish connection. Receiving end does not exist.", source: chrome://startpage/ (0)
[26266:26266:1211/123441.567050:ERROR:CONSOLE(0)] "Unchecked runtime.lastError: Could not establish connection. Receiving end does not exist.", source: chrome://startpage/ (0)
[26266:26276:1211/123533.077314:ERROR:socket_stream.cc(219)] Closing stream with result -2
[26266:26266:1211/123539.967286:WARNING:protocol_impl.cc(277)] Couldn't add the installation info.
[26266:26266:1211/123546.325696:INFO:CONSOLE(1)] "Created 'x-finance-widget-offers' custom tag", source: https://cdn.cian.site/frontend/sentry/l/sentry.min.js (1)
[26266:26266:1211/123546.329002:INFO:CONSOLE(1)] "Connected 'x-finance-widget-offers' custom tag", source: https://cdn.cian.site/frontend/sentry/l/sentry.min.js (1)
[26266:26266:1211/123548.112741:INFO:CONSOLE(1)] "%cDownload the React DevTools for a better development experience: https://fb.me/react-devtools font-weight:bold", source: https://cdn.cian.site/frontend/sentry/l/sentry.min.js (1)
[26266:26266:1211/123548.203173:INFO:CONSOLE(1)] "%cDownload the React DevTools for a better development experience: https://fb.me/react-devtools font-weight:bold", source: https://cdn.cian.site/frontend/sentry/l/sentry.min.js (1)
[26266:26266:1211/123548.407338:INFO:CONSOLE(1)] "Created 'x-finance-widget-offers' custom tag", source: https://cdn.cian.site/frontend/sentry/l/sentry.min.js (1)
[26266:26266:1211/123548.412315:INFO:CONSOLE(1)] "Connected 'x-finance-widget-offers' custom tag", source: https://cdn.cian.site/frontend/sentry/l/sentry.min.js (1)
[26266:26266:1211/123549.052894:INFO:CONSOLE(1)] "Error: Exited with code: 0", source: https://cdn.cian.site/frontend/sentry/l/sentry.min.js (1)
[26266:26266:1211/123549.053397:INFO:CONSOLE(1)] "Error: Exited with code: 0", source: https://cdn.cian.site/frontend/sentry/l/sentry.min.js (1)
[26266:26266:1211/123549.055928:INFO:CONSOLE(1)] "Error: Exited with code: 0", source: https://cdn.cian.site/frontend/sentry/l/sentry.min.js (1)
[26266:26266:1211/123552.248761:INFO:CONSOLE(155)] "[info] Render AppLogin [object Object]", source: https://o2.mail.ru/login?v=0.1.0&lang=ru-RU&client_id=dfd7d5b5994048b7b10c06f0fa388d9a&redirect_uri=https://saratov.cian.ru&scope=userinfo&response_type=token&embedded=Y&mode=onetap&state=%7B%22cid%22%3A1%2C%22loginState%22%3Anull%2C%22ttlLoginState%22%3A604800%7D (155)
[26266:26266:1211/123552.251760:INFO:CONSOLE(172)] "[info] preload data [object Object]", source: https://o2.mail.ru/login?v=0.1.0&lang=ru-RU&client_id=dfd7d5b5994048b7b10c06f0fa388d9a&redirect_uri=https://saratov.cian.ru&scope=userinfo&response_type=token&embedded=Y&mode=onetap&state=%7B%22cid%22%3A1%2C%22loginState%22%3Anull%2C%22ttlLoginState%22%3A604800%7D (172)
[26266:26266:1211/123552.253724:INFO:CONSOLE(173)] "[info] data -> state [object Object]", source: https://o2.mail.ru/login?v=0.1.0&lang=ru-RU&client_id=dfd7d5b5994048b7b10c06f0fa388d9a&redirect_uri=https://saratov.cian.ru&scope=userinfo&response_type=token&embedded=Y&mode=onetap&state=%7B%22cid%22%3A1%2C%22loginState%22%3Anull%2C%22ttlLoginState%22%3A604800%7D (173)
[26266:26266:1211/123552.258169:INFO:CONSOLE(111)] "[o2.xray] xsplit-x2 perf_page:2298", source: https://o2.mail.ru/login?v=0.1.0&lang=ru-RU&client_id=dfd7d5b5994048b7b10c06f0fa388d9a&redirect_uri=https://saratov.cian.ru&scope=userinfo&response_type=token&embedded=Y&mode=onetap&state=%7B%22cid%22%3A1%2C%22loginState%22%3Anull%2C%22ttlLoginState%22%3A604800%7D (111)
[26266:26266:1211/123552.259777:INFO:CONSOLE(111)] "[o2.xray] xsplit-x2 perf_dom-ready:2301", source: https://o2.mail.ru/login?v=0.1.0&lang=ru-RU&client_id=dfd7d5b5994048b7b10c06f0fa388d9a&redirect_uri=https://saratov.cian.ru&scope=userinfo&response_type=token&embedded=Y&mode=onetap&state=%7B%22cid%22%3A1%2C%22loginState%22%3Anull%2C%22ttlLoginState%22%3A604800%7D (111)
[26266:26266:1211/123552.265049:INFO:CONSOLE(3)] "repaint: [object Object]", source: https://o2.mail.ru/media/login.js?v1.16.2 (3)
[26266:26266:1211/123552.297187:INFO:CONSOLE(165)] "[error] render Error: 401: No active users", source: https://o2.mail.ru/login?v=0.1.0&lang=ru-RU&client_id=dfd7d5b5994048b7b10c06f0fa388d9a&redirect_uri=https://saratov.cian.ru&scope=userinfo&response_type=token&embedded=Y&mode=onetap&state=%7B%22cid%22%3A1%2C%22loginState%22%3Anull%2C%22ttlLoginState%22%3A604800%7D (165)
[26266:26266:1211/123552.297334:INFO:CONSOLE(166)] "[error] data: null", source: https://o2.mail.ru/login?v=0.1.0&lang=ru-RU&client_id=dfd7d5b5994048b7b10c06f0fa388d9a&redirect_uri=https://saratov.cian.ru&scope=userinfo&response_type=token&embedded=Y&mode=onetap&state=%7B%22cid%22%3A1%2C%22loginState%22%3Anull%2C%22ttlLoginState%22%3A604800%7D (166)
[26266:26266:1211/123558.047998:INFO:CONSOLE(1)] "Open api access error", source: https://cdn.cian.site/frontend/sentry/l/sentry.min.js (1)
[26266:26266:1211/123601.403942:INFO:CONSOLE(1)] "Open api access error", source: https://cdn.cian.site/frontend/sentry/l/sentry.min.js (1)
[26266:26276:1211/123621.766955:ERROR:socket_stream.cc(219)] Closing stream with result -2
[26266:26266:1211/123626.119408:INFO:CONSOLE(0)] "The resource https://cdn.cian.site/frontend/frontend-header/c1f459a604681de0eb65.js was preloaded using link preload but not used within a few seconds from the window's load event. Please make sure it has an appropriate `as` value and it is preloaded intentionally.", source: https://saratov.cian.ru/sale/flat/214612496/ (0)
[26266:26266:1211/123626.119702:INFO:CONSOLE(0)] "The resource https://cdn.cian.site/frontend/frontend-header/mobile.009cfb916ad4d5d10569.js was preloaded using link preload but not used within a few seconds from the window's load event. Please make sure it has an appropriate `as` value and it is preloaded intentionally.", source: https://saratov.cian.ru/sale/flat/214612496/ (0)
[26266:26266:1211/123626.119897:INFO:CONSOLE(0)] "The resource https://cdn.cian.site/frontend/frontend-header/12682d7b9ca89db8e908.js was preloaded using link preload but not used within a few seconds from the window's load event. Please make sure it has an appropriate `as` value and it is preloaded intentionally.", source: https://saratov.cian.ru/sale/flat/214612496/ (0)
[26266:26266:1211/123626.120040:INFO:CONSOLE(0)] "The resource https://cdn.cian.site/frontend/frontend-header/ffe03be487345f47085f.js was preloaded using link preload but not used within a few seconds from the window's load event. Please make sure it has an appropriate `as` value and it is preloaded intentionally.", source: https://saratov.cian.ru/sale/flat/214612496/ (0)
[26266:26266:1211/123626.120136:INFO:CONSOLE(0)] "The resource https://cdn.cian.site/frontend/frontend-header/h/header.d5a8b1e9f4e9cd6d33aa.css was preloaded using link preload but not used within a few seconds from the window's load event. Please make sure it has an appropriate `as` value and it is preloaded intentionally.", source: https://saratov.cian.ru/sale/flat/214612496/ (0)
[26266:26266:1211/123626.120246:INFO:CONSOLE(0)] "The resource https://cdn.cian.site/frontend/frontend-header/h/header.c1f459a604681de0eb65.css was preloaded using link preload but not used within a few seconds from the window's load event. Please make sure it has an appropriate `as` value and it is preloaded intentionally.", source: https://saratov.cian.ru/sale/flat/214612496/ (0)
[26266:26266:1211/123626.120330:INFO:CONSOLE(0)] "The resource https://cdn.cian.site/frontend/frontend-header/h/header.c9d942ecf51022d3478b.css was preloaded using link preload but not used within a few seconds from the window's load event. Please make sure it has an appropriate `as` value and it is preloaded intentionally.", source: https://saratov.cian.ru/sale/flat/214612496/ (0)
[26266:26266:1211/123626.121426:INFO:CONSOLE(0)] "The resource https://cdn.cian.site/frontend/frontend-header/h/mobile.009cfb916ad4d5d10569.css was preloaded using link preload but not used within a few seconds from the window's load event. Please make sure it has an appropriate `as` value and it is preloaded intentionally.", source: https://saratov.cian.ru/sale/flat/214612496/ (0)
[26266:26266:1211/123626.121737:INFO:CONSOLE(0)] "The resource https://cdn.cian.site/frontend/frontend-header/h/header.caef28a637ee4668d104.css was preloaded using link preload but not used within a few seconds from the window's load event. Please make sure it has an appropriate `as` value and it is preloaded intentionally.", source: https://saratov.cian.ru/sale/flat/214612496/ (0)
[26266:26266:1211/123626.121988:INFO:CONSOLE(0)] "The resource https://cdn.cian.site/frontend/frontend-header/h/header.4d6b0d07daa3229b21c0.css was preloaded using link preload but not used within a few seconds from the window's load event. Please make sure it has an appropriate `as` value and it is preloaded intentionally.", source: https://saratov.cian.ru/sale/flat/214612496/ (0)
[26266:26266:1211/123626.122203:INFO:CONSOLE(0)] "The resource https://cdn.cian.site/frontend/frontend-header/797935d2c75a7d6b525e.js was preloaded using link preload but not used within a few seconds from the window's load event. Please make sure it has an appropriate `as` value and it is preloaded intentionally.", source: https://saratov.cian.ru/sale/flat/214612496/ (0)
[26266:26266:1211/123626.122406:INFO:CONSOLE(0)] "The resource https://cdn.cian.site/frontend/frontend-header/4d6b0d07daa3229b21c0.js was preloaded using link preload but not used within a few seconds from the window's load event. Please make sure it has an appropriate `as` value and it is preloaded intentionally.", source: https://saratov.cian.ru/sale/flat/214612496/ (0)
[26266:26266:1211/123626.122619:INFO:CONSOLE(0)] "The resource https://cdn.cian.site/frontend/frontend-header/c9d942ecf51022d3478b.js was preloaded using link preload but not used within a few seconds from the window's load event. Please make sure it has an appropriate `as` value and it is preloaded intentionally.", source: https://saratov.cian.ru/sale/flat/214612496/ (0)
[26266:26266:1211/123626.122854:INFO:CONSOLE(0)] "The resource https://cdn.cian.site/frontend/frontend-header/d5a8b1e9f4e9cd6d33aa.js was preloaded using link preload but not used within a few seconds from the window's load event. Please make sure it has an appropriate `as` value and it is preloaded intentionally.", source: https://saratov.cian.ru/sale/flat/214612496/ (0)
[26266:26266:1211/123626.123053:INFO:CONSOLE(0)] "The resource https://cdn.cian.site/frontend/frontend-header/9c760936feac00a33603.js was preloaded using link preload but not used within a few seconds from the window's load event. Please make sure it has an appropriate `as` value and it is preloaded intentionally.", source: https://saratov.cian.ru/sale/flat/214612496/ (0)
[26266:26266:1211/123626.123139:INFO:CONSOLE(0)] "The resource https://cdn.cian.site/frontend/frontend-header/caef28a637ee4668d104.js was preloaded using link preload but not used within a few seconds from the window's load event. Please make sure it has an appropriate `as` value and it is preloaded intentionally.", source: https://saratov.cian.ru/sale/flat/214612496/ (0)
[26266:26266:1211/123626.123201:INFO:CONSOLE(0)] "The resource https://cdn.cian.site/frontend/frontend-header/709b4e61caecef0debf9.js was preloaded using link preload but not used within a few seconds from the window's load event. Please make sure it has an appropriate `as` value and it is preloaded intentionally.", source: https://saratov.cian.ru/sale/flat/214612496/ (0)
[26266:26266:1211/123628.254707:INFO:CONSOLE(1)] "TELEMETRY.timer: browser.microservice.frontend-header.external.http.api-cian-ru.notification-center-v1-desktop-get-notifications-count 5018", source: https://cdn.cian.site/frontend/sentry/l/sentry.min.js (1)
[26266:26266:1211/123628.255824:INFO:CONSOLE(1)] "TELEMETRY.increment: browser.microservice.frontend-header.external.http.api-cian-ru.notification-center-v1-desktop-get-notifications-count.fail.timeout undefined", source: https://cdn.cian.site/frontend/sentry/l/sentry.min.js (1)
[26296:26300:1211/123628.575526:WARNING:spdy_session.cc(3384)] Received HEADERS for invalid stream 1
[26266:26276:1211/123710.813406:ERROR:socket_stream.cc(219)] Closing stream with result -2
